<?xml version="1.0" encoding="UTF-8"?>
<testsuite name="passwordcrypto_tests.TestPasswd-20240311181819" tests="1" file="passwordcrypto_tests.py" time="0.369" timestamp="2024-03-11T18:18:20" failures="0" errors="0" skipped="0">
	<testcase classname="passwordcrypto_tests.TestPasswd" name="test_read" time="0.369" timestamp="2024-03-11T18:18:20"/>
</testsuite>
